<?xml version="1.0" encoding="UTF-8"?>
<!-- Generated by org.testng.reporters.JUnitReportReporter -->
<testsuite hostname="LAPTOP-63MUMDGS" failures="0" tests="2" name="pac1.ContactTest" time="0.017" errors="0" timestamp="2024-06-18T14:47:39 IST" skipped="0">
  <testcase classname="pac1.ContactTest" name="modifycontactTest" time="0.003"/>
  <testcase classname="pac1.ContactTest" name="createcontactTest" time="0.014"/>
</testsuite> <!-- pac1.ContactTest -->
